<?xml version="1.0" encoding="UTF-8"?>
<!-- Generated by org.testng.reporters.JUnitReportReporter -->
<testsuite skipped="0" hostname="DESKTOP-M2PQ0HF" name="com.opensource.admin.qa.TC003_Admin_AddNewUser_POM" tests="1" failures="0" timestamp="2021-02-27T12:49:30 COT" time="37.018" errors="0">
  <testcase name="TC002_Admin_SearchEmployee_NotExist_POM_TestScript" time="37.018" classname="com.opensource.admin.qa.TC003_Admin_AddNewUser_POM"/>
  <system-out>
Launching...https://opensource-demo.orangehrmlive.com/ Login into Orange open source Validate that you have logged in successfully Click Admin - Go to the admin page Click Add Enter valid Employee Name Enter valid username Enter new password and confirm Click Save Search username in field Verify value in search table Logout into Orange open source  </system-out>
</testsuite> <!-- com.opensource.admin.qa.TC003_Admin_AddNewUser_POM -->
