<?xml version="1.0" encoding="UTF-8"?>
<!-- Generated by org.testng.reporters.JUnitReportReporter -->
<testsuite skipped="0" hostname="DESKTOP-M2PQ0HF" name="com.opensource.admin.qa.TC001_Admin_SearchEmployee" tests="1" failures="0" timestamp="2021-02-16T08:11:21 COT" time="17.210" errors="0">
  <testcase name="TC001_Admin_SearchEmployee_TC" time="17.210" classname="com.opensource.admin.qa.TC001_Admin_SearchEmployee"/>
  <system-out>
Open Browser "OrangeHRM" web page Enter Username and Password Validate that you have logged in successfully Click Admin - Go to the admin page Search username in field Click Search Verify username exist in table Log out Close Browser  </system-out>
</testsuite> <!-- com.opensource.admin.qa.TC001_Admin_SearchEmployee -->
