<?xml version="1.0" encoding="UTF-8"?>
<!-- Generated by org.testng.reporters.JUnitReportReporter -->
<testsuite skipped="0" hostname="DESKTOP-M2PQ0HF" name="com.opensource.admin.qa.TC001_Admin_SearchEmployee_POM" tests="1" failures="0" timestamp="2021-02-20T13:31:21 COT" time="11.171" errors="0">
  <testcase name="TC001_Admin_SearchEmployee_POM_TestScript" time="11.171" classname="com.opensource.admin.qa.TC001_Admin_SearchEmployee_POM"/>
  <system-out>
Launching...https://opensource-demo.orangehrmlive.com/ Login into Orange open source Validate that you have logged in successfully Click Admin - Go to the admin page Search username in field Verify value in search table Logout into Orange open source  </system-out>
</testsuite> <!-- com.opensource.admin.qa.TC001_Admin_SearchEmployee_POM -->
